Creating test database for alias 'default'...
Found 2 test(s).
System check identified no issues (0 silenced).
EE
======================================================================
ERROR: test_filter_sorte_by_art (garten.tests.SorteFilterTests)
----------------------------------------------------------------------
Traceback (most recent call last):
  File "/Users/andreas/Desktop/shg/.venv/lib/python3.9/site-packages/django/template/smartif.py", line 179, in translate_token
    op = OPERATORS[token]
KeyError: 'selected_kategorie==k.id'

During handling of the above exception, another exception occurred:

Traceback (most recent call last):
  File "/Users/andreas/Desktop/shg/garten/tests.py", line 208, in test_filter_sorte_by_art
    response = client.get(f'/sorten/?art={self.art_tomate.id}')
  File "/Users/andreas/Desktop/shg/.venv/lib/python3.9/site-packages/django/test/client.py", line 927, in get
    response = super().get(path, data=data, secure=secure, headers=headers, **extra)
  File "/Users/andreas/Desktop/shg/.venv/lib/python3.9/site-packages/django/test/client.py", line 457, in get
    return self.generic(
  File "/Users/andreas/Desktop/shg/.venv/lib/python3.9/site-packages/django/test/client.py", line 609, in generic
    return self.request(**r)
  File "/Users/andreas/Desktop/shg/.venv/lib/python3.9/site-packages/django/test/client.py", line 891, in request
    self.check_exception(response)
  File "/Users/andreas/Desktop/shg/.venv/lib/python3.9/site-packages/django/test/client.py", line 738, in check_exception
    raise exc_value
  File "/Users/andreas/Desktop/shg/.venv/lib/python3.9/site-packages/django/core/handlers/exception.py", line 55, in inner
    response = get_response(request)
  File "/Users/andreas/Desktop/shg/.venv/lib/python3.9/site-packages/django/core/handlers/base.py", line 197, in _get_response
    response = wrapped_callback(request, *callback_args, **callback_kwargs)
  File "/Users/andreas/Desktop/shg/garten/views.py", line 35, in sorte_list
    return render(request, 'garten/sorte_list.html', context)
  File "/Users/andreas/Desktop/shg/.venv/lib/python3.9/site-packages/django/shortcuts.py", line 24, in render
    content = loader.render_to_string(template_name, context, request, using=using)
  File "/Users/andreas/Desktop/shg/.venv/lib/python3.9/site-packages/django/template/loader.py", line 61, in render_to_string
    template = get_template(template_name, using=using)
  File "/Users/andreas/Desktop/shg/.venv/lib/python3.9/site-packages/django/template/loader.py", line 15, in get_template
    return engine.get_template(template_name)
  File "/Users/andreas/Desktop/shg/.venv/lib/python3.9/site-packages/django/template/backends/django.py", line 33, in get_template
    return Template(self.engine.get_template(template_name), self)
  File "/Users/andreas/Desktop/shg/.venv/lib/python3.9/site-packages/django/template/engine.py", line 175, in get_template
    template, origin = self.find_template(template_name)
  File "/Users/andreas/Desktop/shg/.venv/lib/python3.9/site-packages/django/template/engine.py", line 157, in find_template
    template = loader.get_template(name, skip=skip)
  File "/Users/andreas/Desktop/shg/.venv/lib/python3.9/site-packages/django/template/loaders/cached.py", line 57, in get_template
    template = super().get_template(template_name, skip)
  File "/Users/andreas/Desktop/shg/.venv/lib/python3.9/site-packages/django/template/loaders/base.py", line 28, in get_template
    return Template(
  File "/Users/andreas/Desktop/shg/.venv/lib/python3.9/site-packages/django/template/base.py", line 154, in __init__
    self.nodelist = self.compile_nodelist()
  File "/Users/andreas/Desktop/shg/.venv/lib/python3.9/site-packages/django/template/base.py", line 200, in compile_nodelist
    return parser.parse()
  File "/Users/andreas/Desktop/shg/.venv/lib/python3.9/site-packages/django/template/base.py", line 513, in parse
    raise self.error(token, e)
  File "/Users/andreas/Desktop/shg/.venv/lib/python3.9/site-packages/django/template/base.py", line 511, in parse
    compiled_result = compile_func(self, token)
  File "/Users/andreas/Desktop/shg/.venv/lib/python3.9/site-packages/django/template/loader_tags.py", line 293, in do_extends
    nodelist = parser.parse()
  File "/Users/andreas/Desktop/shg/.venv/lib/python3.9/site-packages/django/template/base.py", line 513, in parse
    raise self.error(token, e)
  File "/Users/andreas/Desktop/shg/.venv/lib/python3.9/site-packages/django/template/base.py", line 511, in parse
    compiled_result = compile_func(self, token)
  File "/Users/andreas/Desktop/shg/.venv/lib/python3.9/site-packages/django/template/loader_tags.py", line 232, in do_block
    nodelist = parser.parse(("endblock",))
  File "/Users/andreas/Desktop/shg/.venv/lib/python3.9/site-packages/django/template/base.py", line 513, in parse
    raise self.error(token, e)
  File "/Users/andreas/Desktop/shg/.venv/lib/python3.9/site-packages/django/template/base.py", line 511, in parse
    compiled_result = compile_func(self, token)
  File "/Users/andreas/Desktop/shg/.venv/lib/python3.9/site-packages/django/template/defaulttags.py", line 853, in do_for
    nodelist_loop = parser.parse(
  File "/Users/andreas/Desktop/shg/.venv/lib/python3.9/site-packages/django/template/base.py", line 513, in parse
    raise self.error(token, e)
  File "/Users/andreas/Desktop/shg/.venv/lib/python3.9/site-packages/django/template/base.py", line 511, in parse
    compiled_result = compile_func(self, token)
  File "/Users/andreas/Desktop/shg/.venv/lib/python3.9/site-packages/django/template/defaulttags.py", line 952, in do_if
    condition = TemplateIfParser(parser, bits).parse()
  File "/Users/andreas/Desktop/shg/.venv/lib/python3.9/site-packages/django/template/defaulttags.py", line 885, in __init__
    super().__init__(*args, **kwargs)
  File "/Users/andreas/Desktop/shg/.venv/lib/python3.9/site-packages/django/template/smartif.py", line 170, in __init__
    mapped_tokens.append(self.translate_token(token))
  File "/Users/andreas/Desktop/shg/.venv/lib/python3.9/site-packages/django/template/smartif.py", line 181, in translate_token
    return self.create_var(token)
  File "/Users/andreas/Desktop/shg/.venv/lib/python3.9/site-packages/django/template/defaulttags.py", line 888, in create_var
    return TemplateLiteral(self.template_parser.compile_filter(value), value)
  File "/Users/andreas/Desktop/shg/.venv/lib/python3.9/site-packages/django/template/base.py", line 600, in compile_filter
    return FilterExpression(token, self)
  File "/Users/andreas/Desktop/shg/.venv/lib/python3.9/site-packages/django/template/base.py", line 703, in __init__
    raise TemplateSyntaxError(
django.template.exceptions.TemplateSyntaxError: Could not parse the remainder: '==k.id' from 'selected_kategorie==k.id'

======================================================================
ERROR: test_filter_sorte_by_kategorie (garten.tests.SorteFilterTests)
----------------------------------------------------------------------
Traceback (most recent call last):
  File "/Users/andreas/Desktop/shg/.venv/lib/python3.9/site-packages/django/template/smartif.py", line 179, in translate_token
    op = OPERATORS[token]
KeyError: 'selected_kategorie==k.id'

During handling of the above exception, another exception occurred:

Traceback (most recent call last):
  File "/Users/andreas/Desktop/shg/garten/tests.py", line 198, in test_filter_sorte_by_kategorie
    response = client.get(f'/sorten/?kategorie={self.kategorie_gemuese.id}')
  File "/Users/andreas/Desktop/shg/.venv/lib/python3.9/site-packages/django/test/client.py", line 927, in get
    response = super().get(path, data=data, secure=secure, headers=headers, **extra)
  File "/Users/andreas/Desktop/shg/.venv/lib/python3.9/site-packages/django/test/client.py", line 457, in get
    return self.generic(
  File "/Users/andreas/Desktop/shg/.venv/lib/python3.9/site-packages/django/test/client.py", line 609, in generic
    return self.request(**r)
  File "/Users/andreas/Desktop/shg/.venv/lib/python3.9/site-packages/django/test/client.py", line 891, in request
    self.check_exception(response)
  File "/Users/andreas/Desktop/shg/.venv/lib/python3.9/site-packages/django/test/client.py", line 738, in check_exception
    raise exc_value
  File "/Users/andreas/Desktop/shg/.venv/lib/python3.9/site-packages/django/core/handlers/exception.py", line 55, in inner
    response = get_response(request)
  File "/Users/andreas/Desktop/shg/.venv/lib/python3.9/site-packages/django/core/handlers/base.py", line 197, in _get_response
    response = wrapped_callback(request, *callback_args, **callback_kwargs)
  File "/Users/andreas/Desktop/shg/garten/views.py", line 35, in sorte_list
    return render(request, 'garten/sorte_list.html', context)
  File "/Users/andreas/Desktop/shg/.venv/lib/python3.9/site-packages/django/shortcuts.py", line 24, in render
    content = loader.render_to_string(template_name, context, request, using=using)
  File "/Users/andreas/Desktop/shg/.venv/lib/python3.9/site-packages/django/template/loader.py", line 61, in render_to_string
    template = get_template(template_name, using=using)
  File "/Users/andreas/Desktop/shg/.venv/lib/python3.9/site-packages/django/template/loader.py", line 15, in get_template
    return engine.get_template(template_name)
  File "/Users/andreas/Desktop/shg/.venv/lib/python3.9/site-packages/django/template/backends/django.py", line 33, in get_template
    return Template(self.engine.get_template(template_name), self)
  File "/Users/andreas/Desktop/shg/.venv/lib/python3.9/site-packages/django/template/engine.py", line 175, in get_template
    template, origin = self.find_template(template_name)
  File "/Users/andreas/Desktop/shg/.venv/lib/python3.9/site-packages/django/template/engine.py", line 157, in find_template
    template = loader.get_template(name, skip=skip)
  File "/Users/andreas/Desktop/shg/.venv/lib/python3.9/site-packages/django/template/loaders/cached.py", line 57, in get_template
    template = super().get_template(template_name, skip)
  File "/Users/andreas/Desktop/shg/.venv/lib/python3.9/site-packages/django/template/loaders/base.py", line 28, in get_template
    return Template(
  File "/Users/andreas/Desktop/shg/.venv/lib/python3.9/site-packages/django/template/base.py", line 154, in __init__
    self.nodelist = self.compile_nodelist()
  File "/Users/andreas/Desktop/shg/.venv/lib/python3.9/site-packages/django/template/base.py", line 200, in compile_nodelist
    return parser.parse()
  File "/Users/andreas/Desktop/shg/.venv/lib/python3.9/site-packages/django/template/base.py", line 513, in parse
    raise self.error(token, e)
  File "/Users/andreas/Desktop/shg/.venv/lib/python3.9/site-packages/django/template/base.py", line 511, in parse
    compiled_result = compile_func(self, token)
  File "/Users/andreas/Desktop/shg/.venv/lib/python3.9/site-packages/django/template/loader_tags.py", line 293, in do_extends
    nodelist = parser.parse()
  File "/Users/andreas/Desktop/shg/.venv/lib/python3.9/site-packages/django/template/base.py", line 513, in parse
    raise self.error(token, e)
  File "/Users/andreas/Desktop/shg/.venv/lib/python3.9/site-packages/django/template/base.py", line 511, in parse
    compiled_result = compile_func(self, token)
  File "/Users/andreas/Desktop/shg/.venv/lib/python3.9/site-packages/django/template/loader_tags.py", line 232, in do_block
    nodelist = parser.parse(("endblock",))
  File "/Users/andreas/Desktop/shg/.venv/lib/python3.9/site-packages/django/template/base.py", line 513, in parse
    raise self.error(token, e)
  File "/Users/andreas/Desktop/shg/.venv/lib/python3.9/site-packages/django/template/base.py", line 511, in parse
    compiled_result = compile_func(self, token)
  File "/Users/andreas/Desktop/shg/.venv/lib/python3.9/site-packages/django/template/defaulttags.py", line 853, in do_for
    nodelist_loop = parser.parse(
  File "/Users/andreas/Desktop/shg/.venv/lib/python3.9/site-packages/django/template/base.py", line 513, in parse
    raise self.error(token, e)
  File "/Users/andreas/Desktop/shg/.venv/lib/python3.9/site-packages/django/template/base.py", line 511, in parse
    compiled_result = compile_func(self, token)
  File "/Users/andreas/Desktop/shg/.venv/lib/python3.9/site-packages/django/template/defaulttags.py", line 952, in do_if
    condition = TemplateIfParser(parser, bits).parse()
  File "/Users/andreas/Desktop/shg/.venv/lib/python3.9/site-packages/django/template/defaulttags.py", line 885, in __init__
    super().__init__(*args, **kwargs)
  File "/Users/andreas/Desktop/shg/.venv/lib/python3.9/site-packages/django/template/smartif.py", line 170, in __init__
    mapped_tokens.append(self.translate_token(token))
  File "/Users/andreas/Desktop/shg/.venv/lib/python3.9/site-packages/django/template/smartif.py", line 181, in translate_token
    return self.create_var(token)
  File "/Users/andreas/Desktop/shg/.venv/lib/python3.9/site-packages/django/template/defaulttags.py", line 888, in create_var
    return TemplateLiteral(self.template_parser.compile_filter(value), value)
  File "/Users/andreas/Desktop/shg/.venv/lib/python3.9/site-packages/django/template/base.py", line 600, in compile_filter
    return FilterExpression(token, self)
  File "/Users/andreas/Desktop/shg/.venv/lib/python3.9/site-packages/django/template/base.py", line 703, in __init__
    raise TemplateSyntaxError(
django.template.exceptions.TemplateSyntaxError: Could not parse the remainder: '==k.id' from 'selected_kategorie==k.id'

----------------------------------------------------------------------
Ran 2 tests in 0.400s

FAILED (errors=2)
Destroying test database for alias 'default'...
